<?xml version="1.0" encoding="UTF-8"?>
<!-- Generated by org.testng.reporters.JUnitXMLReporter -->
<testsuite ignored="1" hostname="PD" failures="9" tests="9" name="Test" time="0.328" errors="0" timestamp="2024-09-01T17:35:56 IST">
  <testcase classname="TestFramework.basics4" name="postDataXML" time="0.004">
    <failure type="java.nio.file.NoSuchFileException" message="C:\Users\rahul\Documents\postdata.xml">
      <![CDATA[java.nio.file.NoSuchFileException: C:\Users\rahul\Documents\postdata.xml
at java.base/sun.nio.fs.WindowsException.translateToIOException(WindowsException.java:85)
at java.base/sun.nio.fs.WindowsException.rethrowAsIOException(WindowsException.java:103)
at java.base/sun.nio.fs.WindowsException.rethrowAsIOException(WindowsException.java:108)
at java.base/sun.nio.fs.WindowsFileSystemProvider.newByteChannel(WindowsFileSystemProvider.java:235)
at java.base/java.nio.file.Files.newByteChannel(Files.java:371)
at java.base/java.nio.file.Files.newByteChannel(Files.java:422)
at java.base/java.nio.file.Files.readAllBytes(Files.java:3206)
at TestFramework.basics4.GenerateStringFromResource(basics4.java:47)
at TestFramework.basics4.postDataXML(basics4.java:22)
at java.base/java.util.ArrayList.forEach(ArrayList.java:1541)
... Removed 30 stack frames]]>
    </failure>
  </testcase> <!-- postDataXML -->
  <testcase classname="TestFramework.basics3" name="AddandDeletePlace" time="0.227">
    <failure type="java.lang.ExceptionInInitializerError">
      <![CDATA[java.lang.ExceptionInInitializerError
at io.restassured.authentication.NoAuthScheme.$getStaticMetaClass(NoAuthScheme.groovy)
at io.restassured.authentication.NoAuthScheme.<init>(NoAuthScheme.groovy)
at io.restassured.RestAssured.<clinit>(RestAssured.java:355)
at TestFramework.basics3.AddandDeletePlace(basics3.java:47)
at java.base/java.util.ArrayList.forEach(ArrayList.java:1541)
Caused by: groovy.lang.GroovyRuntimeException: Conflicting module versions. Module [groovy-xml is loaded in version 4.0.16 and you are trying to load version 2.4.6
at org.codehaus.groovy.runtime.metaclass.MetaClassRegistryImpl$DefaultModuleListener.onModule(MetaClassRegistryImpl.java:524)
at org.codehaus.groovy.runtime.m12n.ExtensionModuleScanner.scanExtensionModuleFromProperties(ExtensionModuleScanner.java:87)
at org.codehaus.groovy.runtime.m12n.ExtensionModuleScanner.scanExtensionModuleFromMetaInf(ExtensionModuleScanner.java:81)
at org.codehaus.groovy.runtime.m12n.ExtensionModuleScanner.scanClasspathModulesFrom(ExtensionModuleScanner.java:63)
at org.codehaus.groovy.runtime.m12n.ExtensionModuleScanner.scanClasspathModules(ExtensionModuleScanner.java:55)
at org.codehaus.groovy.runtime.metaclass.MetaClassRegistryImpl.<init>(MetaClassRegistryImpl.java:133)
at org.codehaus.groovy.runtime.metaclass.MetaClassRegistryImpl.<init>(MetaClassRegistryImpl.java:94)
at groovy.lang.GroovySystem.<clinit>(GroovySystem.java:37)
... 38 more
... Removed 33 stack frames]]>
    </failure>
  </testcase> <!-- AddandDeletePlace -->
  <testcase classname="TestFramework.basics2" name="createPlaceAPI" time="0.001">
    <failure type="java.lang.NoClassDefFoundError" message="Could not initialize class io.restassured.RestAssured">
      <![CDATA[java.lang.NoClassDefFoundError: Could not initialize class io.restassured.RestAssured
at TestFramework.basics2.createPlaceAPI(basics2.java:19)
at java.base/java.util.ArrayList.forEach(ArrayList.java:1541)
... Removed 30 stack frames]]>
    </failure>
  </testcase> <!-- createPlaceAPI -->
  <testcase classname="TestFramework.basics" name="getPlaceAPI" time="0.0">
    <failure type="java.lang.NoClassDefFoundError" message="Could not initialize class io.restassured.RestAssured">
      <![CDATA[java.lang.NoClassDefFoundError: Could not initialize class io.restassured.RestAssured
at TestFramework.basics.getPlaceAPI(basics.java:31)
at java.base/java.util.ArrayList.forEach(ArrayList.java:1541)
... Removed 30 stack frames]]>
    </failure>
  </testcase> <!-- getPlaceAPI -->
  <testcase classname="TestFramework.basics7" name="AddBooks" time="0.001">
    <failure type="java.lang.NoClassDefFoundError" message="Could not initialize class io.restassured.RestAssured">
      <![CDATA[java.lang.NoClassDefFoundError: Could not initialize class io.restassured.RestAssured
at TestFramework.basics7.AddBooks(basics7.java:74)
at java.base/java.util.ArrayList.forEach(ArrayList.java:1541)
... Removed 30 stack frames]]>
    </failure>
  </testcase> <!-- AddBooks -->
  <testcase classname="TestFramework.basics8" name="JiraAPIUpdate" time="0.0">
    <failure type="java.lang.NoClassDefFoundError" message="Could not initialize class io.restassured.RestAssured">
      <![CDATA[java.lang.NoClassDefFoundError: Could not initialize class io.restassured.RestAssured
at TestFramework.basics8.JiraAPIUpdate(basics8.java:31)
at java.base/java.util.ArrayList.forEach(ArrayList.java:1541)
... Removed 30 stack frames]]>
    </failure>
  </testcase> <!-- JiraAPIUpdate -->
  <testcase classname="TestFramework.basics7" name="AddBooks" time="0.0">
    <failure type="java.lang.NoClassDefFoundError" message="Could not initialize class io.restassured.RestAssured">
      <![CDATA[java.lang.NoClassDefFoundError: Could not initialize class io.restassured.RestAssured
at TestFramework.basics7.AddBooks(basics7.java:74)
at java.base/java.util.ArrayList.forEach(ArrayList.java:1541)
... Removed 30 stack frames]]>
    </failure>
  </testcase> <!-- AddBooks -->
  <testcase classname="TestFramework.basics6" name="JiraAPICreateIssue" time="0.0">
    <failure type="java.lang.NoClassDefFoundError" message="Could not initialize class io.restassured.RestAssured">
      <![CDATA[java.lang.NoClassDefFoundError: Could not initialize class io.restassured.RestAssured
at TestFramework.basics6.JiraAPICreateIssue(basics6.java:33)
at java.base/java.util.ArrayList.forEach(ArrayList.java:1541)
... Removed 30 stack frames]]>
    </failure>
  </testcase> <!-- JiraAPICreateIssue -->
  <testcase classname="TestFramework.basics5" name="extractingNamesAPI" time="0.0">
    <failure type="java.lang.NoClassDefFoundError" message="Could not initialize class io.restassured.RestAssured">
      <![CDATA[java.lang.NoClassDefFoundError: Could not initialize class io.restassured.RestAssured
at TestFramework.basics5.extractingNamesAPI(basics5.java:21)
at java.base/java.util.ArrayList.forEach(ArrayList.java:1541)
... Removed 30 stack frames]]>
    </failure>
  </testcase> <!-- extractingNamesAPI -->
  <testcase classname="TestFramework.basics7" name="@BeforeTest getData" time="0.0">
    <ignored/>
  </testcase> <!-- @BeforeTest getData -->
</testsuite> <!-- Test -->
